
Clover Installer r5121 (2607bd4fb) (installer library v1.1.6), 2020-08-25 01:00:06
macOS Version 10.15.3 (Build 19D76)
SELF = /Applications/Clover.app/Contents/MacOS/CloverDaemonNew
Backup made at:
/Users/huy/Desktop/CloverBackUp/KingFast Media/r5097_2020-08-25_12-59-59/EFI.
Target volume: /Volumes/EFI
BSD Name:      disk1s1
Filesystem:    FAT32
Is internal:   true
Is writable:   true
Installation type: UEFI

/dev/disk0 (internal, physical):
   #:                       TYPE NAME                    SIZE       IDENTIFIER
   0:      GUID_partition_scheme                        *1.0 TB     disk0
   1:       Microsoft Basic Data                         268.4 GB   disk0s1
   2:         Microsoft Reserved                         16.8 MB    disk0s2
   3:       Microsoft Basic Data Application             125.8 GB   disk0s3
   4:       Microsoft Basic Data Data                    471.9 GB   disk0s4
   5:                 Linux Swap                         4.1 GB     disk0s5
   6:           Linux Filesystem                         130.0 GB   disk0s6

/dev/disk1 (internal, physical):
   #:                       TYPE NAME                    SIZE       IDENTIFIER
   0:      GUID_partition_scheme                        *120.0 GB   disk1
   1:                        EFI EFI                     858.8 MB   disk1s1
   2:                 Apple_APFS Container disk2         115.2 GB   disk1s2
   3:       Microsoft Basic Data Something               4.0 GB     disk1s3

/dev/disk2 (synthesized):
   #:                       TYPE NAME                    SIZE       IDENTIFIER
   0:      APFS Container Scheme -                      +115.2 GB   disk2
                                 Physical Store disk1s2
   1:                APFS Volume MacOS - Data            70.2 GB    disk2s1
   2:                APFS Volume Preboot                 81.6 MB    disk2s2
   3:                APFS Volume Recovery                526.6 MB   disk2s3
   4:                APFS Volume VM                      1.1 MB     disk2s4
   5:                APFS Volume MacOS                   10.8 GB    disk2s5




Installing/Updating Clover:
+ ../BOOT/BOOTX64.efi
+ ../CLOVER/CLOVERX64.efi

Installing/Updating drivers:
+ ../UEFI/AudioDxe.efi
+ ../UEFI/DataHubDxe.efi
+ ../UEFI/FSInject.efi
+ ../UEFI/ApfsDriverLoader.efi
+ ../UEFI/AptioMemoryFix.efi
+ ../UEFI/NvmExpressDxe.efi
+ ../BIOS/AudioDxe.efi
+ ../BIOS/FSInject.efi
+ ../BIOS/SMCHelper.efi
+ ../BIOS/XhciDxe.efi
+ ../BIOS/ApfsDriverLoader.efi

Installing/Updating tools:
+ ../tools/Shell64.efi
+ ../tools/bdmesg.efi
+ ../tools/Shell64U.efi
+ ../tools/Shell32.efi

Installing/Updating docs:
+ ../doc/UEFI boot with Clover.rtf
+ ../doc/boot1f32-install.sh
+ ../doc/HowToInstallOSX.txt
+ ../doc/HowToFixDsdt.txt
+ ../doc/bcfg.txt