
Clover Installer r5122 (f4e10b1a2) (installer library v1.1.6), 2020-09-25 10:41:49
macOS Version 10.15.6 (Build 19G2021)
SELF = /Applications/Clover.app/Contents/MacOS/CloverDaemonNew
Backup made at:
/Users/huy/Desktop/CloverBackUp/KingFast Media/r5121_2020-09-25_10-40-36/EFI.
Target volume: /Volumes/EFI 1
BSD Name:      disk1s1
Filesystem:    FAT32
Is internal:   true
Is writable:   true
Installation type: UEFI

/dev/disk0 (internal, physical):
   #:                       TYPE NAME                    SIZE       IDENTIFIER
   0:      GUID_partition_scheme                        *1.0 TB     disk0
   1:       Microsoft Basic Data                         268.4 GB   disk0s1
   2:         Microsoft Reserved                         16.8 MB    disk0s2
   3:       Microsoft Basic Data Application             125.8 GB   disk0s3
   4:       Microsoft Basic Data Data                    471.9 GB   disk0s4
   5:           Linux Filesystem                         134.1 GB   disk0s5

/dev/disk1 (internal, physical):
   #:                       TYPE NAME                    SIZE       IDENTIFIER
   0:      GUID_partition_scheme                        *120.0 GB   disk1
   1:                        EFI EFI                     858.8 MB   disk1s1
   2:                 Apple_APFS Container disk2         119.2 GB   disk1s2

/dev/disk2 (synthesized):
   #:                       TYPE NAME                    SIZE       IDENTIFIER
   0:      APFS Container Scheme -                      +119.2 GB   disk2
                                 Physical Store disk1s2
   1:                APFS Volume MacOS - Data            68.7 GB    disk2s1
   2:                APFS Volume Preboot                 81.7 MB    disk2s2
   3:                APFS Volume Recovery                528.9 MB   disk2s3
   4:                APFS Volume VM                      1.1 GB     disk2s4
   5:                APFS Volume MacOS                   11.3 GB    disk2s5

/dev/disk3 (external, physical):
   #:                       TYPE NAME                    SIZE       IDENTIFIER
   0:      GUID_partition_scheme                        *15.7 GB    disk3
   1:                        EFI EFI                     209.7 MB   disk3s1
   2:                  Apple_HFS Install macOS Catalina  15.3 GB    disk3s2




Installing/Updating Clover:
+ ../BOOT/BOOTX64.efi
+ ../CLOVER/CLOVERX64.efi

Installing/Updating drivers:
+ ../UEFI/AudioDxe.efi
+ ../UEFI/DataHubDxe.efi
+ ../UEFI/FSInject.efi
+ ../UEFI/ApfsDriverLoader.efi
+ ../UEFI/AptioMemoryFix.efi
+ ../UEFI/NvmExpressDxe.efi
+ ../BIOS/AudioDxe.efi
+ ../BIOS/FSInject.efi
+ ../BIOS/SMCHelper.efi
+ ../BIOS/XhciDxe.efi
+ ../BIOS/ApfsDriverLoader.efi

Installing/Updating tools:
+ ../tools/Shell64.efi
+ ../tools/bdmesg.efi
+ ../tools/Shell64U.efi
+ ../tools/Shell32.efi

Installing/Updating docs:
+ ../doc/UEFI boot with Clover.rtf
+ ../doc/boot1f32-install.sh
+ ../doc/HowToInstallOSX.txt
+ ../doc/HowToFixDsdt.txt
+ ../doc/bcfg.txt